<?xml version="1.0" encoding="utf-8"?><testsuites name="pytest tests"><testsuite name="pytest" errors="0" failures="0" skipped="0" tests="30" time="4.752" timestamp="2026-07-11T14:28:48.685775+00:00" hostname="agent-env-bf732346-c559-4d13-97df-a4f9aeeebb63"><testcase classname="tests.backend_test.TestAuth" name="test_root" time="0.143" /><testcase classname="tests.backend_test.TestAuth" name="test_register_and_me" time="0.371" /><testcase classname="tests.backend_test.TestAuth" name="test_register_duplicate" time="0.054" /><testcase classname="tests.backend_test.TestAuth" name="test_login_admin" time="0.373" /><testcase classname="tests.backend_test.TestAuth" name="test_login_wrong_password" time="0.323" /><testcase classname="tests.backend_test.TestAuth" name="test_me_unauthenticated" time="0.100" /><testcase classname="tests.backend_test.TestAuth" name="test_logout" time="0.462" /><testcase classname="tests.backend_test.TestAuth" name="test_protected_endpoints_require_auth" time="0.391" /><testcase classname="tests.backend_test.TestPets" name="test_create_pet" time="0.048" /><testcase classname="tests.backend_test.TestPets" name="test_list_pets" time="0.048" /><testcase classname="tests.backend_test.TestPets" name="test_get_pet" time="0.063" /><testcase classname="tests.backend_test.TestPets" name="test_get_pet_not_found" time="0.049" /><testcase classname="tests.backend_test.TestPets" name="test_update_pet" time="0.098" /><testcase classname="tests.backend_test.TestPets" name="test_pet_isolation_between_users" time="0.052" /><testcase classname="tests.backend_test.TestRecords" name="test_add_visit_and_list" time="0.094" /><testcase classname="tests.backend_test.TestRecords" name="test_add_vaccine" time="0.048" /><testcase classname="tests.backend_test.TestRecords" name="test_add_treatment" time="0.050" /><testcase classname="tests.backend_test.TestRecords" name="test_upcoming_dashboard" time="0.052" /><testcase classname="tests.backend_test.TestRecords" name="test_delete_records" time="0.144" /><testcase classname="tests.backend_test.TestGuides" name="test_all_guides" time="0.103" /><testcase classname="tests.backend_test.TestGuides" name="test_filter_by_species_dog" time="0.096" /><testcase classname="tests.backend_test.TestGuides" name="test_filter_by_species_cat" time="0.111" /><testcase classname="tests.backend_test.TestWeights" name="test_list_weights_empty_initially" time="0.417" /><testcase classname="tests.backend_test.TestWeights" name="test_create_weight_and_persistence" time="0.097" /><testcase classname="tests.backend_test.TestWeights" name="test_multiple_weights_sorted_asc" time="0.141" /><testcase classname="tests.backend_test.TestWeights" name="test_pet_weight_synced_to_latest" time="0.048" /><testcase classname="tests.backend_test.TestWeights" name="test_delete_weight_and_verify" time="0.093" /><testcase classname="tests.backend_test.TestWeights" name="test_weights_require_auth" time="0.123" /><testcase classname="tests.backend_test.TestWeights" name="test_weights_isolated_across_users" time="0.095" /><testcase classname="tests.backend_test.TestZCleanup" name="test_delete_pet_cascade" time="0.393" /></testsuite></testsuites>