<?xml version="1.0" encoding="utf-8"?><testsuites name="pytest tests"><testsuite name="pytest" errors="0" failures="0" skipped="0" tests="79" time="71.516" timestamp="2026-07-11T16:07:02.096195+00:00" hostname="agent-env-bf732346-c559-4d13-97df-a4f9aeeebb63"><testcase classname="tests.backend_test.TestAuth" name="test_root" time="0.213" /><testcase classname="tests.backend_test.TestAuth" name="test_register_and_me" time="0.385" /><testcase classname="tests.backend_test.TestAuth" name="test_register_duplicate" time="0.055" /><testcase classname="tests.backend_test.TestAuth" name="test_login_admin" time="0.401" /><testcase classname="tests.backend_test.TestAuth" name="test_login_wrong_password" time="0.357" /><testcase classname="tests.backend_test.TestAuth" name="test_me_unauthenticated" time="0.152" /><testcase classname="tests.backend_test.TestAuth" name="test_logout" time="0.477" /><testcase classname="tests.backend_test.TestAuth" name="test_protected_endpoints_require_auth" time="0.370" /><testcase classname="tests.backend_test.TestPets" name="test_create_pet" time="0.052" /><testcase classname="tests.backend_test.TestPets" name="test_list_pets" time="0.049" /><testcase classname="tests.backend_test.TestPets" name="test_get_pet" time="0.054" /><testcase classname="tests.backend_test.TestPets" name="test_get_pet_not_found" time="0.049" /><testcase classname="tests.backend_test.TestPets" name="test_update_pet" time="0.095" /><testcase classname="tests.backend_test.TestPets" name="test_pet_isolation_between_users" time="0.046" /><testcase classname="tests.backend_test.TestRecords" name="test_add_visit_and_list" time="0.100" /><testcase classname="tests.backend_test.TestRecords" name="test_add_vaccine" time="0.049" /><testcase classname="tests.backend_test.TestRecords" name="test_add_treatment" time="0.051" /><testcase classname="tests.backend_test.TestRecords" name="test_upcoming_dashboard" time="0.054" /><testcase classname="tests.backend_test.TestRecords" name="test_delete_records" time="0.160" /><testcase classname="tests.backend_test.TestGuides" name="test_all_guides" time="0.096" /><testcase classname="tests.backend_test.TestGuides" name="test_filter_by_species_dog" time="0.099" /><testcase classname="tests.backend_test.TestGuides" name="test_filter_by_species_cat" time="0.099" /><testcase classname="tests.backend_test.TestAI" name="test_advice" time="19.416" /><testcase classname="tests.backend_test.TestAI" name="test_advice_not_found" time="0.052" /><testcase classname="tests.backend_test.TestAI" name="test_chat_and_history" time="7.885" /><testcase classname="tests.backend_test.TestAIChatMemory" name="test_multi_turn_context_recall" time="14.624" /><testcase classname="tests.backend_test.TestAIChatMemory" name="test_third_turn_still_has_context" time="9.495" /><testcase classname="tests.backend_test.TestAIChatMemory" name="test_history_persisted_and_ordered" time="0.048" /><testcase classname="tests.backend_test.TestWeights" name="test_list_weights_empty_initially" time="0.468" /><testcase classname="tests.backend_test.TestWeights" name="test_create_weight_and_persistence" time="0.093" /><testcase classname="tests.backend_test.TestWeights" name="test_multiple_weights_sorted_asc" time="0.139" /><testcase classname="tests.backend_test.TestWeights" name="test_pet_weight_synced_to_latest" time="0.044" /><testcase classname="tests.backend_test.TestWeights" name="test_delete_weight_and_verify" time="0.133" /><testcase classname="tests.backend_test.TestWeights" name="test_weights_require_auth" time="0.139" /><testcase classname="tests.backend_test.TestWeights" name="test_weights_isolated_across_users" time="0.098" /><testcase classname="tests.backend_test.TestPush" name="test_vapid_public_key_requires_no_auth_but_works" time="0.372" /><testcase classname="tests.backend_test.TestPush" name="test_status_initially_false" time="0.046" /><testcase classname="tests.backend_test.TestPush" name="test_subscribe_and_status_true" time="0.097" /><testcase classname="tests.backend_test.TestPush" name="test_subscribe_idempotent_upsert" time="0.097" /><testcase classname="tests.backend_test.TestPush" name="test_subscribe_missing_endpoint_rejected" time="0.046" /><testcase classname="tests.backend_test.TestPush" name="test_check_reminders_ok" time="0.047" /><testcase classname="tests.backend_test.TestPush" name="test_push_test_returns_400_when_no_valid_sub" time="0.283" /><testcase classname="tests.backend_test.TestPush" name="test_unsubscribe_and_status_false" time="0.192" /><testcase classname="tests.backend_test.TestPush" name="test_push_endpoints_require_auth" time="0.494" /><testcase classname="tests.backend_test.TestPWA" name="test_manifest_json" time="0.102" /><testcase classname="tests.backend_test.TestPWA" name="test_service_worker_js" time="0.103" /><testcase classname="tests.backend_test.TestZCleanup" name="test_delete_pet_cascade" time="0.433" /><testcase classname="tests.backend_test.TestAIChatStream" name="test_stream_requires_auth" time="0.102" /><testcase classname="tests.backend_test.TestAIChatStream" name="test_stream_emits_deltas_and_done" time="3.109" /><testcase classname="tests.backend_test.TestAIChatStream" name="test_stream_conversation_memory" time="4.894" /><testcase classname="tests.backend_test.TestSchedulerBatch" name="test_run_batch_requires_auth" time="0.130" /><testcase classname="tests.backend_test.TestSchedulerBatch" name="test_run_batch_forbidden_for_non_admin" time="0.053" /><testcase classname="tests.backend_test.TestSchedulerBatch" name="test_run_batch_ok_for_admin" time="0.049" /><testcase classname="tests.backend_test.TestSchedulerBatch" name="test_check_reminders_still_works" time="0.052" /><testcase classname="tests.backend_test.TestDocuments" name="test_list_documents_empty_initially" time="1.014" /><testcase classname="tests.backend_test.TestDocuments" name="test_upload_document_txt" time="0.332" /><testcase classname="tests.backend_test.TestDocuments" name="test_list_documents_shows_uploaded_no_storage_path" time="0.044" /><testcase classname="tests.backend_test.TestDocuments" name="test_upload_default_category" time="0.268" /><testcase classname="tests.backend_test.TestDocuments" name="test_download_document_returns_bytes" time="0.190" /><testcase classname="tests.backend_test.TestDocuments" name="test_upload_requires_auth" time="0.096" /><testcase classname="tests.backend_test.TestDocuments" name="test_list_documents_requires_auth" time="0.099" /><testcase classname="tests.backend_test.TestDocuments" name="test_download_requires_auth" time="0.111" /><testcase classname="tests.backend_test.TestDocuments" name="test_download_isolated_across_users" time="0.046" /><testcase classname="tests.backend_test.TestDocuments" name="test_upload_other_user_pet_rejected" time="0.084" /><testcase classname="tests.backend_test.TestDocuments" name="test_upload_rejects_over_15mb" time="0.472" /><testcase classname="tests.backend_test.TestDocuments" name="test_soft_delete_document" time="0.176" /><testcase classname="tests.backend_test.TestDocuments" name="test_delete_pet_cascades_soft_delete_documents" time="0.182" /><testcase classname="tests.backend_test.TestCalendar" name="test_calendar_empty_no_pets" time="0.365" /><testcase classname="tests.backend_test.TestCalendar" name="test_calendar_returns_all_event_types_sorted" time="0.411" /><testcase classname="tests.backend_test.TestCalendar" name="test_calendar_requires_auth" time="0.092" /><testcase classname="tests.backend_test.TestCalendar" name="test_calendar_isolated_across_users" time="0.052" /><testcase classname="tests.backend_test.TestAdmin" name="test_me_returns_role_admin" time="0.082" /><testcase classname="tests.backend_test.TestAdmin" name="test_me_returns_role_user_for_normal" time="0.059" /><testcase classname="tests.backend_test.TestAdmin" name="test_admin_stats_requires_auth" time="0.100" /><testcase classname="tests.backend_test.TestAdmin" name="test_admin_users_requires_auth" time="0.097" /><testcase classname="tests.backend_test.TestAdmin" name="test_admin_stats_forbidden_for_non_admin" time="0.053" /><testcase classname="tests.backend_test.TestAdmin" name="test_admin_users_forbidden_for_non_admin" time="0.055" /><testcase classname="tests.backend_test.TestAdmin" name="test_admin_stats_ok_for_admin" time="0.046" /><testcase classname="tests.backend_test.TestAdmin" name="test_admin_users_ok_for_admin" time="0.092" /></testsuite></testsuites>